[2023-05-16 09:50:23] local.ERROR: Illuminate\Session\Middleware\StartSession::addCookieToResponse(): Argument #1 ($response) must be of type Symfony\Component\HttpFoundation\Response, null given, called in /home/u890340864/domains/aplexiapharma.in/public_html/hms/vendor/laravel/framework/src/Illuminate/Session/Middleware/StartSession.php on line 125 {"exception":"[object] (TypeError(code: 0): Illuminate\\Session\\Middleware\\StartSession::addCookieToResponse(): Argument #1 ($response) must be of type Symfony\\Component\\HttpFoundation\\Response, null given, called in /home/u890340864/domains/aplexiapharma.in/public_html/hms/vendor/laravel/framework/src/Illuminate/Session/Middleware/StartSession.php on line 125 at /home/u890340864/domains/aplexiapharma.in/public_html/hms/vendor/laravel/framework/src/Illuminate/Session/Middleware/StartSession.php:218)
[stacktrace]
#0 /home/u890340864/domains/aplexiapharma.in/public_html/hms/vendor/laravel/framework/src/Illuminate/Session/Middleware/StartSession.php(125): Illuminate\\Session\\Middleware\\StartSession->addCookieToResponse()
#1 /home/u890340864/domains/aplexiapharma.in/public_html/hms/vendor/laravel/framework/src/Illuminate/Session/Middleware/StartSession.php(64): Illuminate\\Session\\Middleware\\StartSession->handleStatefulRequest()
#2 /home/u890340864/domains/aplexiapharma.in/public_html/hms/vendor/laravel/framework/src/Illuminate/Pipeline/Pipeline.php(180): Illuminate\\Session\\Middleware\\StartSession->handle()
#3 /home/u890340864/domains/aplexiapharma.in/public_html/hms/vendor/laravel/framework/src/Illuminate/Cookie/Middleware/AddQueuedCookiesToResponse.php(37): Illuminate\\Pipeline\\Pipeline->Illuminate\\Pipeline\\{closure}()
#4 /home/u890340864/domains/aplexiapharma.in/public_html/hms/vendor/laravel/framework/src/Illuminate/Pipeline/Pipeline.php(180): Illuminate\\Cookie\\Middleware\\AddQueuedCookiesToResponse->handle()
#5 /home/u890340864/domains/aplexiapharma.in/public_html/hms/vendor/laravel/framework/src/Illuminate/Cookie/Middleware/EncryptCookies.php(67): Illuminate\\Pipeline\\Pipeline->Illuminate\\Pipeline\\{closure}()
#6 /home/u890340864/domains/aplexiapharma.in/public_html/hms/vendor/laravel/framework/src/Illuminate/Pipeline/Pipeline.php(180): Illuminate\\Cookie\\Middleware\\EncryptCookies->handle()
#7 /home/u890340864/domains/aplexiapharma.in/public_html/hms/vendor/laravel/framework/src/Illuminate/Pipeline/Pipeline.php(116): Illuminate\\Pipeline\\Pipeline->Illuminate\\Pipeline\\{closure}()
#8 /home/u890340864/domains/aplexiapharma.in/public_html/hms/vendor/laravel/framework/src/Illuminate/Routing/Router.php(799): Illuminate\\Pipeline\\Pipeline->then()
#9 /home/u890340864/domains/aplexiapharma.in/public_html/hms/vendor/laravel/framework/src/Illuminate/Routing/Router.php(776): Illuminate\\Routing\\Router->runRouteWithinStack()
#10 /home/u890340864/domains/aplexiapharma.in/public_html/hms/vendor/laravel/framework/src/Illuminate/Routing/Router.php(740): Illuminate\\Routing\\Router->runRoute()
#11 /home/u890340864/domains/aplexiapharma.in/public_html/hms/vendor/laravel/framework/src/Illuminate/Routing/Router.php(729): Illuminate\\Routing\\Router->dispatchToRoute()
#12 /home/u890340864/domains/aplexiapharma.in/public_html/hms/vendor/laravel/framework/src/Illuminate/Foundation/Http/Kernel.php(190): Illuminate\\Routing\\Router->dispatch()
#13 /home/u890340864/domains/aplexiapharma.in/public_html/hms/vendor/laravel/framework/src/Illuminate/Pipeline/Pipeline.php(141): Illuminate\\Foundation\\Http\\Kernel->Illuminate\\Foundation\\Http\\{closure}()
#14 /home/u890340864/domains/aplexiapharma.in/public_html/hms/vendor/livewire/livewire/src/DisableBrowserCache.php(19): Illuminate\\Pipeline\\Pipeline->Illuminate\\Pipeline\\{closure}()
#15 /home/u890340864/domains/aplexiapharma.in/public_html/hms/vendor/laravel/framework/src/Illuminate/Pipeline/Pipeline.php(180): Livewire\\DisableBrowserCache->handle()
#16 /home/u890340864/domains/aplexiapharma.in/public_html/hms/vendor/barryvdh/laravel-debugbar/src/Middleware/InjectDebugbar.php(59): Illuminate\\Pipeline\\Pipeline->Illuminate\\Pipeline\\{closure}()
#17 /home/u890340864/domains/aplexiapharma.in/public_html/hms/vendor/laravel/framework/src/Illuminate/Pipeline/Pipeline.php(180): Barryvdh\\Debugbar\\Middleware\\InjectDebugbar->handle()
#18 /home/u890340864/domains/aplexiapharma.in/public_html/hms/vendor/laravel/framework/src/Illuminate/Foundation/Http/Middleware/TransformsRequest.php(21): Illuminate\\Pipeline\\Pipeline->Illuminate\\Pipeline\\{closure}()
#19 /home/u890340864/domains/aplexiapharma.in/public_html/hms/vendor/laravel/framework/src/Illuminate/Foundation/Http/Middleware/ConvertEmptyStringsToNull.php(31): Illuminate\\Foundation\\Http\\Middleware\\TransformsRequest->handle()
#20 /home/u890340864/domains/aplexiapharma.in/public_html/hms/vendor/laravel/framework/src/Illuminate/Pipeline/Pipeline.php(180): Illuminate\\Foundation\\Http\\Middleware\\ConvertEmptyStringsToNull->handle()
#21 /home/u890340864/domains/aplexiapharma.in/public_html/hms/vendor/laravel/framework/src/Illuminate/Foundation/Http/Middleware/TransformsRequest.php(21): Illuminate\\Pipeline\\Pipeline->Illuminate\\Pipeline\\{closure}()
#22 /home/u890340864/domains/aplexiapharma.in/public_html/hms/vendor/laravel/framework/src/Illuminate/Foundation/Http/Middleware/TrimStrings.php(40): Illuminate\\Foundation\\Http\\Middleware\\TransformsRequest->handle()
#23 /home/u890340864/domains/aplexiapharma.in/public_html/hms/vendor/laravel/framework/src/Illuminate/Pipeline/Pipeline.php(180): Illuminate\\Foundation\\Http\\Middleware\\TrimStrings->handle()
#24 /home/u890340864/domains/aplexiapharma.in/public_html/hms/vendor/laravel/framework/src/Illuminate/Foundation/Http/Middleware/ValidatePostSize.php(27): Illuminate\\Pipeline\\Pipeline->Illuminate\\Pipeline\\{closure}()
#25 /home/u890340864/domains/aplexiapharma.in/public_html/hms/vendor/laravel/framework/src/Illuminate/Pipeline/Pipeline.php(180): Illuminate\\Foundation\\Http\\Middleware\\ValidatePostSize->handle()
#26 /home/u890340864/domains/aplexiapharma.in/public_html/hms/vendor/laravel/framework/src/Illuminate/Foundation/Http/Middleware/PreventRequestsDuringMaintenance.php(86): Illuminate\\Pipeline\\Pipeline->Illuminate\\Pipeline\\{closure}()
#27 /home/u890340864/domains/aplexiapharma.in/public_html/hms/vendor/laravel/framework/src/Illuminate/Pipeline/Pipeline.php(180): Illuminate\\Foundation\\Http\\Middleware\\PreventRequestsDuringMaintenance->handle()
#28 /home/u890340864/domains/aplexiapharma.in/public_html/hms/vendor/laravel/framework/src/Illuminate/Http/Middleware/TrustProxies.php(39): Illuminate\\Pipeline\\Pipeline->Illuminate\\Pipeline\\{closure}()
#29 /home/u890340864/domains/aplexiapharma.in/public_html/hms/vendor/laravel/framework/src/Illuminate/Pipeline/Pipeline.php(180): Illuminate\\Http\\Middleware\\TrustProxies->handle()
#30 /home/u890340864/domains/aplexiapharma.in/public_html/hms/vendor/laravel/framework/src/Illuminate/Pipeline/Pipeline.php(116): Illuminate\\Pipeline\\Pipeline->Illuminate\\Pipeline\\{closure}()
#31 /home/u890340864/domains/aplexiapharma.in/public_html/hms/vendor/laravel/framework/src/Illuminate/Foundation/Http/Kernel.php(165): Illuminate\\Pipeline\\Pipeline->then()
#32 /home/u890340864/domains/aplexiapharma.in/public_html/hms/vendor/laravel/framework/src/Illuminate/Foundation/Http/Kernel.php(134): Illuminate\\Foundation\\Http\\Kernel->sendRequestThroughRouter()
#33 /home/u890340864/domains/aplexiapharma.in/public_html/hms/public/index.php(52): Illuminate\\Foundation\\Http\\Kernel->handle()
#34 {main}
"} 
[2023-05-16 16:31:52] local.ERROR: Illuminate\Session\Middleware\StartSession::addCookieToResponse(): Argument #1 ($response) must be of type Symfony\Component\HttpFoundation\Response, null given, called in /home/u890340864/domains/aplexiapharma.in/public_html/hms/vendor/laravel/framework/src/Illuminate/Session/Middleware/StartSession.php on line 125 {"exception":"[object] (TypeError(code: 0): Illuminate\\Session\\Middleware\\StartSession::addCookieToResponse(): Argument #1 ($response) must be of type Symfony\\Component\\HttpFoundation\\Response, null given, called in /home/u890340864/domains/aplexiapharma.in/public_html/hms/vendor/laravel/framework/src/Illuminate/Session/Middleware/StartSession.php on line 125 at /home/u890340864/domains/aplexiapharma.in/public_html/hms/vendor/laravel/framework/src/Illuminate/Session/Middleware/StartSession.php:218)
[stacktrace]
#0 /home/u890340864/domains/aplexiapharma.in/public_html/hms/vendor/laravel/framework/src/Illuminate/Session/Middleware/StartSession.php(125): Illuminate\\Session\\Middleware\\StartSession->addCookieToResponse()
#1 /home/u890340864/domains/aplexiapharma.in/public_html/hms/vendor/laravel/framework/src/Illuminate/Session/Middleware/StartSession.php(64): Illuminate\\Session\\Middleware\\StartSession->handleStatefulRequest()
#2 /home/u890340864/domains/aplexiapharma.in/public_html/hms/vendor/laravel/framework/src/Illuminate/Pipeline/Pipeline.php(180): Illuminate\\Session\\Middleware\\StartSession->handle()
#3 /home/u890340864/domains/aplexiapharma.in/public_html/hms/vendor/laravel/framework/src/Illuminate/Cookie/Middleware/AddQueuedCookiesToResponse.php(37): Illuminate\\Pipeline\\Pipeline->Illuminate\\Pipeline\\{closure}()
#4 /home/u890340864/domains/aplexiapharma.in/public_html/hms/vendor/laravel/framework/src/Illuminate/Pipeline/Pipeline.php(180): Illuminate\\Cookie\\Middleware\\AddQueuedCookiesToResponse->handle()
#5 /home/u890340864/domains/aplexiapharma.in/public_html/hms/vendor/laravel/framework/src/Illuminate/Cookie/Middleware/EncryptCookies.php(67): Illuminate\\Pipeline\\Pipeline->Illuminate\\Pipeline\\{closure}()
#6 /home/u890340864/domains/aplexiapharma.in/public_html/hms/vendor/laravel/framework/src/Illuminate/Pipeline/Pipeline.php(180): Illuminate\\Cookie\\Middleware\\EncryptCookies->handle()
#7 /home/u890340864/domains/aplexiapharma.in/public_html/hms/vendor/laravel/framework/src/Illuminate/Pipeline/Pipeline.php(116): Illuminate\\Pipeline\\Pipeline->Illuminate\\Pipeline\\{closure}()
#8 /home/u890340864/domains/aplexiapharma.in/public_html/hms/vendor/laravel/framework/src/Illuminate/Routing/Router.php(799): Illuminate\\Pipeline\\Pipeline->then()
#9 /home/u890340864/domains/aplexiapharma.in/public_html/hms/vendor/laravel/framework/src/Illuminate/Routing/Router.php(776): Illuminate\\Routing\\Router->runRouteWithinStack()
#10 /home/u890340864/domains/aplexiapharma.in/public_html/hms/vendor/laravel/framework/src/Illuminate/Routing/Router.php(740): Illuminate\\Routing\\Router->runRoute()
#11 /home/u890340864/domains/aplexiapharma.in/public_html/hms/vendor/laravel/framework/src/Illuminate/Routing/Router.php(729): Illuminate\\Routing\\Router->dispatchToRoute()
#12 /home/u890340864/domains/aplexiapharma.in/public_html/hms/vendor/laravel/framework/src/Illuminate/Foundation/Http/Kernel.php(190): Illuminate\\Routing\\Router->dispatch()
#13 /home/u890340864/domains/aplexiapharma.in/public_html/hms/vendor/laravel/framework/src/Illuminate/Pipeline/Pipeline.php(141): Illuminate\\Foundation\\Http\\Kernel->Illuminate\\Foundation\\Http\\{closure}()
#14 /home/u890340864/domains/aplexiapharma.in/public_html/hms/vendor/livewire/livewire/src/DisableBrowserCache.php(19): Illuminate\\Pipeline\\Pipeline->Illuminate\\Pipeline\\{closure}()
#15 /home/u890340864/domains/aplexiapharma.in/public_html/hms/vendor/laravel/framework/src/Illuminate/Pipeline/Pipeline.php(180): Livewire\\DisableBrowserCache->handle()
#16 /home/u890340864/domains/aplexiapharma.in/public_html/hms/vendor/barryvdh/laravel-debugbar/src/Middleware/InjectDebugbar.php(59): Illuminate\\Pipeline\\Pipeline->Illuminate\\Pipeline\\{closure}()
#17 /home/u890340864/domains/aplexiapharma.in/public_html/hms/vendor/laravel/framework/src/Illuminate/Pipeline/Pipeline.php(180): Barryvdh\\Debugbar\\Middleware\\InjectDebugbar->handle()
#18 /home/u890340864/domains/aplexiapharma.in/public_html/hms/vendor/laravel/framework/src/Illuminate/Foundation/Http/Middleware/TransformsRequest.php(21): Illuminate\\Pipeline\\Pipeline->Illuminate\\Pipeline\\{closure}()
#19 /home/u890340864/domains/aplexiapharma.in/public_html/hms/vendor/laravel/framework/src/Illuminate/Foundation/Http/Middleware/ConvertEmptyStringsToNull.php(31): Illuminate\\Foundation\\Http\\Middleware\\TransformsRequest->handle()
#20 /home/u890340864/domains/aplexiapharma.in/public_html/hms/vendor/laravel/framework/src/Illuminate/Pipeline/Pipeline.php(180): Illuminate\\Foundation\\Http\\Middleware\\ConvertEmptyStringsToNull->handle()
#21 /home/u890340864/domains/aplexiapharma.in/public_html/hms/vendor/laravel/framework/src/Illuminate/Foundation/Http/Middleware/TransformsRequest.php(21): Illuminate\\Pipeline\\Pipeline->Illuminate\\Pipeline\\{closure}()
#22 /home/u890340864/domains/aplexiapharma.in/public_html/hms/vendor/laravel/framework/src/Illuminate/Foundation/Http/Middleware/TrimStrings.php(40): Illuminate\\Foundation\\Http\\Middleware\\TransformsRequest->handle()
#23 /home/u890340864/domains/aplexiapharma.in/public_html/hms/vendor/laravel/framework/src/Illuminate/Pipeline/Pipeline.php(180): Illuminate\\Foundation\\Http\\Middleware\\TrimStrings->handle()
#24 /home/u890340864/domains/aplexiapharma.in/public_html/hms/vendor/laravel/framework/src/Illuminate/Foundation/Http/Middleware/ValidatePostSize.php(27): Illuminate\\Pipeline\\Pipeline->Illuminate\\Pipeline\\{closure}()
#25 /home/u890340864/domains/aplexiapharma.in/public_html/hms/vendor/laravel/framework/src/Illuminate/Pipeline/Pipeline.php(180): Illuminate\\Foundation\\Http\\Middleware\\ValidatePostSize->handle()
#26 /home/u890340864/domains/aplexiapharma.in/public_html/hms/vendor/laravel/framework/src/Illuminate/Foundation/Http/Middleware/PreventRequestsDuringMaintenance.php(86): Illuminate\\Pipeline\\Pipeline->Illuminate\\Pipeline\\{closure}()
#27 /home/u890340864/domains/aplexiapharma.in/public_html/hms/vendor/laravel/framework/src/Illuminate/Pipeline/Pipeline.php(180): Illuminate\\Foundation\\Http\\Middleware\\PreventRequestsDuringMaintenance->handle()
#28 /home/u890340864/domains/aplexiapharma.in/public_html/hms/vendor/laravel/framework/src/Illuminate/Http/Middleware/TrustProxies.php(39): Illuminate\\Pipeline\\Pipeline->Illuminate\\Pipeline\\{closure}()
#29 /home/u890340864/domains/aplexiapharma.in/public_html/hms/vendor/laravel/framework/src/Illuminate/Pipeline/Pipeline.php(180): Illuminate\\Http\\Middleware\\TrustProxies->handle()
#30 /home/u890340864/domains/aplexiapharma.in/public_html/hms/vendor/laravel/framework/src/Illuminate/Pipeline/Pipeline.php(116): Illuminate\\Pipeline\\Pipeline->Illuminate\\Pipeline\\{closure}()
#31 /home/u890340864/domains/aplexiapharma.in/public_html/hms/vendor/laravel/framework/src/Illuminate/Foundation/Http/Kernel.php(165): Illuminate\\Pipeline\\Pipeline->then()
#32 /home/u890340864/domains/aplexiapharma.in/public_html/hms/vendor/laravel/framework/src/Illuminate/Foundation/Http/Kernel.php(134): Illuminate\\Foundation\\Http\\Kernel->sendRequestThroughRouter()
#33 /home/u890340864/domains/aplexiapharma.in/public_html/hms/public/index.php(52): Illuminate\\Foundation\\Http\\Kernel->handle()
#34 {main}
"} 
[2023-05-16 17:47:08] local.ERROR: Illuminate\Session\Middleware\StartSession::addCookieToResponse(): Argument #1 ($response) must be of type Symfony\Component\HttpFoundation\Response, null given, called in /home/u890340864/domains/aplexiapharma.in/public_html/hms/vendor/laravel/framework/src/Illuminate/Session/Middleware/StartSession.php on line 125 {"exception":"[object] (TypeError(code: 0): Illuminate\\Session\\Middleware\\StartSession::addCookieToResponse(): Argument #1 ($response) must be of type Symfony\\Component\\HttpFoundation\\Response, null given, called in /home/u890340864/domains/aplexiapharma.in/public_html/hms/vendor/laravel/framework/src/Illuminate/Session/Middleware/StartSession.php on line 125 at /home/u890340864/domains/aplexiapharma.in/public_html/hms/vendor/laravel/framework/src/Illuminate/Session/Middleware/StartSession.php:218)
[stacktrace]
#0 /home/u890340864/domains/aplexiapharma.in/public_html/hms/vendor/laravel/framework/src/Illuminate/Session/Middleware/StartSession.php(125): Illuminate\\Session\\Middleware\\StartSession->addCookieToResponse()
#1 /home/u890340864/domains/aplexiapharma.in/public_html/hms/vendor/laravel/framework/src/Illuminate/Session/Middleware/StartSession.php(64): Illuminate\\Session\\Middleware\\StartSession->handleStatefulRequest()
#2 /home/u890340864/domains/aplexiapharma.in/public_html/hms/vendor/laravel/framework/src/Illuminate/Pipeline/Pipeline.php(180): Illuminate\\Session\\Middleware\\StartSession->handle()
#3 /home/u890340864/domains/aplexiapharma.in/public_html/hms/vendor/laravel/framework/src/Illuminate/Cookie/Middleware/AddQueuedCookiesToResponse.php(37): Illuminate\\Pipeline\\Pipeline->Illuminate\\Pipeline\\{closure}()
#4 /home/u890340864/domains/aplexiapharma.in/public_html/hms/vendor/laravel/framework/src/Illuminate/Pipeline/Pipeline.php(180): Illuminate\\Cookie\\Middleware\\AddQueuedCookiesToResponse->handle()
#5 /home/u890340864/domains/aplexiapharma.in/public_html/hms/vendor/laravel/framework/src/Illuminate/Cookie/Middleware/EncryptCookies.php(67): Illuminate\\Pipeline\\Pipeline->Illuminate\\Pipeline\\{closure}()
#6 /home/u890340864/domains/aplexiapharma.in/public_html/hms/vendor/laravel/framework/src/Illuminate/Pipeline/Pipeline.php(180): Illuminate\\Cookie\\Middleware\\EncryptCookies->handle()
#7 /home/u890340864/domains/aplexiapharma.in/public_html/hms/vendor/laravel/framework/src/Illuminate/Pipeline/Pipeline.php(116): Illuminate\\Pipeline\\Pipeline->Illuminate\\Pipeline\\{closure}()
#8 /home/u890340864/domains/aplexiapharma.in/public_html/hms/vendor/laravel/framework/src/Illuminate/Routing/Router.php(799): Illuminate\\Pipeline\\Pipeline->then()
#9 /home/u890340864/domains/aplexiapharma.in/public_html/hms/vendor/laravel/framework/src/Illuminate/Routing/Router.php(776): Illuminate\\Routing\\Router->runRouteWithinStack()
#10 /home/u890340864/domains/aplexiapharma.in/public_html/hms/vendor/laravel/framework/src/Illuminate/Routing/Router.php(740): Illuminate\\Routing\\Router->runRoute()
#11 /home/u890340864/domains/aplexiapharma.in/public_html/hms/vendor/laravel/framework/src/Illuminate/Routing/Router.php(729): Illuminate\\Routing\\Router->dispatchToRoute()
#12 /home/u890340864/domains/aplexiapharma.in/public_html/hms/vendor/laravel/framework/src/Illuminate/Foundation/Http/Kernel.php(190): Illuminate\\Routing\\Router->dispatch()
#13 /home/u890340864/domains/aplexiapharma.in/public_html/hms/vendor/laravel/framework/src/Illuminate/Pipeline/Pipeline.php(141): Illuminate\\Foundation\\Http\\Kernel->Illuminate\\Foundation\\Http\\{closure}()
#14 /home/u890340864/domains/aplexiapharma.in/public_html/hms/vendor/livewire/livewire/src/DisableBrowserCache.php(19): Illuminate\\Pipeline\\Pipeline->Illuminate\\Pipeline\\{closure}()
#15 /home/u890340864/domains/aplexiapharma.in/public_html/hms/vendor/laravel/framework/src/Illuminate/Pipeline/Pipeline.php(180): Livewire\\DisableBrowserCache->handle()
#16 /home/u890340864/domains/aplexiapharma.in/public_html/hms/vendor/barryvdh/laravel-debugbar/src/Middleware/InjectDebugbar.php(59): Illuminate\\Pipeline\\Pipeline->Illuminate\\Pipeline\\{closure}()
#17 /home/u890340864/domains/aplexiapharma.in/public_html/hms/vendor/laravel/framework/src/Illuminate/Pipeline/Pipeline.php(180): Barryvdh\\Debugbar\\Middleware\\InjectDebugbar->handle()
#18 /home/u890340864/domains/aplexiapharma.in/public_html/hms/vendor/laravel/framework/src/Illuminate/Foundation/Http/Middleware/TransformsRequest.php(21): Illuminate\\Pipeline\\Pipeline->Illuminate\\Pipeline\\{closure}()
#19 /home/u890340864/domains/aplexiapharma.in/public_html/hms/vendor/laravel/framework/src/Illuminate/Foundation/Http/Middleware/ConvertEmptyStringsToNull.php(31): Illuminate\\Foundation\\Http\\Middleware\\TransformsRequest->handle()
#20 /home/u890340864/domains/aplexiapharma.in/public_html/hms/vendor/laravel/framework/src/Illuminate/Pipeline/Pipeline.php(180): Illuminate\\Foundation\\Http\\Middleware\\ConvertEmptyStringsToNull->handle()
#21 /home/u890340864/domains/aplexiapharma.in/public_html/hms/vendor/laravel/framework/src/Illuminate/Foundation/Http/Middleware/TransformsRequest.php(21): Illuminate\\Pipeline\\Pipeline->Illuminate\\Pipeline\\{closure}()
#22 /home/u890340864/domains/aplexiapharma.in/public_html/hms/vendor/laravel/framework/src/Illuminate/Foundation/Http/Middleware/TrimStrings.php(40): Illuminate\\Foundation\\Http\\Middleware\\TransformsRequest->handle()
#23 /home/u890340864/domains/aplexiapharma.in/public_html/hms/vendor/laravel/framework/src/Illuminate/Pipeline/Pipeline.php(180): Illuminate\\Foundation\\Http\\Middleware\\TrimStrings->handle()
#24 /home/u890340864/domains/aplexiapharma.in/public_html/hms/vendor/laravel/framework/src/Illuminate/Foundation/Http/Middleware/ValidatePostSize.php(27): Illuminate\\Pipeline\\Pipeline->Illuminate\\Pipeline\\{closure}()
#25 /home/u890340864/domains/aplexiapharma.in/public_html/hms/vendor/laravel/framework/src/Illuminate/Pipeline/Pipeline.php(180): Illuminate\\Foundation\\Http\\Middleware\\ValidatePostSize->handle()
#26 /home/u890340864/domains/aplexiapharma.in/public_html/hms/vendor/laravel/framework/src/Illuminate/Foundation/Http/Middleware/PreventRequestsDuringMaintenance.php(86): Illuminate\\Pipeline\\Pipeline->Illuminate\\Pipeline\\{closure}()
#27 /home/u890340864/domains/aplexiapharma.in/public_html/hms/vendor/laravel/framework/src/Illuminate/Pipeline/Pipeline.php(180): Illuminate\\Foundation\\Http\\Middleware\\PreventRequestsDuringMaintenance->handle()
#28 /home/u890340864/domains/aplexiapharma.in/public_html/hms/vendor/laravel/framework/src/Illuminate/Http/Middleware/TrustProxies.php(39): Illuminate\\Pipeline\\Pipeline->Illuminate\\Pipeline\\{closure}()
#29 /home/u890340864/domains/aplexiapharma.in/public_html/hms/vendor/laravel/framework/src/Illuminate/Pipeline/Pipeline.php(180): Illuminate\\Http\\Middleware\\TrustProxies->handle()
#30 /home/u890340864/domains/aplexiapharma.in/public_html/hms/vendor/laravel/framework/src/Illuminate/Pipeline/Pipeline.php(116): Illuminate\\Pipeline\\Pipeline->Illuminate\\Pipeline\\{closure}()
#31 /home/u890340864/domains/aplexiapharma.in/public_html/hms/vendor/laravel/framework/src/Illuminate/Foundation/Http/Kernel.php(165): Illuminate\\Pipeline\\Pipeline->then()
#32 /home/u890340864/domains/aplexiapharma.in/public_html/hms/vendor/laravel/framework/src/Illuminate/Foundation/Http/Kernel.php(134): Illuminate\\Foundation\\Http\\Kernel->sendRequestThroughRouter()
#33 /home/u890340864/domains/aplexiapharma.in/public_html/hms/public/index.php(52): Illuminate\\Foundation\\Http\\Kernel->handle()
#34 {main}
"} 
